{"numFailedTestSuites":1,"numFailedTests":0,"numPassedTestSuites":11,"numPassedTests":32,"numPendingTestSuites":0,"numPendingTests":0,"numRuntimeErrorTestSuites":1,"numTodoTests":0,"numTotalTestSuites":12,"numTotalTests":32,"openHandles":[],"snapshot":{"added":0,"didUpdate":false,"failure":false,"filesAdded":0,"filesRemoved":0,"filesRemovedList":[],"filesUnmatched":0,"filesUpdated":0,"matched":0,"total":0,"unchecked":0,"uncheckedKeysByFile":[],"unmatched":0,"updated":0},"startTime":1758413200747,"success":false,"testResults":[{"assertionResults":[{"ancestorTitles":["race read helpers"],"duration":1285,"failureDetails":[],"failureMessages":[],"fullName":"race read helpers getLatestBlockhashRaced returns first successful result and times out losers","invocations":1,"location":null,"numPassingAsserts":2,"retryReasons":[],"status":"passed","title":"getLatestBlockhashRaced returns first successful result and times out losers"},{"ancestorTitles":["race read helpers"],"duration":1334,"failureDetails":[],"failureMessages":[],"fullName":"race read helpers simulateTransactionRaced fails over when first wave errors","invocations":1,"location":null,"numPassingAsserts":2,"retryReasons":[],"status":"passed","title":"simulateTransactionRaced fails over when first wave errors"},{"ancestorTitles":["race read helpers"],"duration":1355,"failureDetails":[],"failureMessages":[],"fullName":"race read helpers raced helpers throw when all endpoints fail","invocations":1,"location":null,"numPassingAsserts":1,"retryReasons":[],"status":"passed","title":"raced helpers throw when all endpoints fail"}],"endTime":1758413205004,"message":"","name":"/Users/alihassan/Desktop/TurboSol/__tests__/rpcReadRacing.test.js","startTime":1758413200792,"status":"passed","summary":""},{"assertionResults":[{"ancestorTitles":["getParsedTokenAccountsByOwnerRaced"],"duration":1278,"failureDetails":[],"failureMessages":[],"fullName":"getParsedTokenAccountsByOwnerRaced returns from the fastest endpoint","invocations":1,"location":null,"numPassingAsserts":3,"retryReasons":[],"status":"passed","title":"returns from the fastest endpoint"},{"ancestorTitles":["getParsedTokenAccountsByOwnerRaced"],"duration":1244,"failureDetails":[],"failureMessages":[],"fullName":"getParsedTokenAccountsByOwnerRaced fails over when the fastest rejects","invocations":1,"location":null,"numPassingAsserts":1,"retryReasons":[],"status":"passed","title":"fails over when the fastest rejects"},{"ancestorTitles":["getParsedTokenAccountsByOwnerRaced"],"duration":1306,"failureDetails":[],"failureMessages":[],"fullName":"getParsedTokenAccountsByOwnerRaced throws when all endpoints fail","invocations":1,"location":null,"numPassingAsserts":1,"retryReasons":[],"status":"passed","title":"throws when all endpoints fail"}],"endTime":1758413208937,"message":"","name":"/Users/alihassan/Desktop/TurboSol/__tests__/tokenAccountsRaced.test.js","startTime":1758413205008,"status":"passed","summary":""},{"assertionResults":[{"ancestorTitles":["RPC health loop"],"duration":154,"failureDetails":[],"failureMessages":[],"fullName":"RPC health loop rotates to the fastest endpoint based on measured latency","invocations":1,"location":null,"numPassingAsserts":4,"retryReasons":[],"status":"passed","title":"rotates to the fastest endpoint based on measured latency"},{"ancestorTitles":["RPC health loop"],"duration":352,"failureDetails":[],"failureMessages":[],"fullName":"RPC health loop handles errors in measure function gracefully","invocations":1,"location":null,"numPassingAsserts":1,"retryReasons":[],"status":"passed","title":"handles errors in measure function gracefully"}],"endTime":1758413209531,"message":"","name":"/Users/alihassan/Desktop/TurboSol/__tests__/rpcHealth.test.js","startTime":1758413208940,"status":"passed","summary":""},{"assertionResults":[{"ancestorTitles":["sendTransactionRaced"],"duration":108,"failureDetails":[],"failureMessages":[],"fullName":"sendTransactionRaced returns first successful signature after initial timeout and records race meta","invocations":1,"location":null,"numPassingAsserts":5,"retryReasons":[],"status":"passed","title":"returns first successful signature after initial timeout and records race meta"},{"ancestorTitles":["sendTransactionRaced"],"duration":57,"failureDetails":[],"failureMessages":[],"fullName":"sendTransactionRaced fails over across waves when first endpoint errors and records attempts","invocations":1,"location":null,"numPassingAsserts":3,"retryReasons":[],"status":"passed","title":"fails over across waves when first endpoint errors and records attempts"},{"ancestorTitles":["sendTransactionRaced"],"duration":77,"failureDetails":[],"failureMessages":[],"fullName":"sendTransactionRaced respects backoff by skipping recently failed endpoint on subsequent call","invocations":1,"location":null,"numPassingAsserts":4,"retryReasons":[],"status":"passed","title":"respects backoff by skipping recently failed endpoint on subsequent call"}],"endTime":1758413209838,"message":"","name":"/Users/alihassan/Desktop/TurboSol/__tests__/rpcSendRacing.test.js","startTime":1758413209535,"status":"passed","summary":""},{"assertionResults":[{"ancestorTitles":["/rpc/status summary"],"duration":16,"failureDetails":[],"failureMessages":[],"fullName":"/rpc/status summary should include summary with active and fastest keys","invocations":1,"location":null,"numPassingAsserts":7,"retryReasons":[],"status":"passed","title":"should include summary with active and fastest keys"}],"endTime":1758413210037,"message":"","name":"/Users/alihassan/Desktop/TurboSol/__tests__/rpcStatusSummary.test.js","startTime":1758413209844,"status":"passed","summary":""},{"assertionResults":[{"ancestorTitles":["copyTrade userState defaults"],"duration":1,"failureDetails":[],"failureMessages":[],"fullName":"copyTrade userState defaults getUserState initializes copyTrade defaults","invocations":1,"location":null,"numPassingAsserts":4,"retryReasons":[],"status":"passed","title":"getUserState initializes copyTrade defaults"},{"ancestorTitles":["copyTrade userState defaults"],"duration":1,"failureDetails":[],"failureMessages":[],"fullName":"copyTrade userState defaults addCopyTradeWallet normalizes fields with sensible defaults","invocations":1,"location":null,"numPassingAsserts":13,"retryReasons":[],"status":"passed","title":"addCopyTradeWallet normalizes fields with sensible defaults"}],"endTime":1758413210182,"message":"","name":"/Users/alihassan/Desktop/TurboSol/__tests__/copyTradeUserState.test.js","startTime":1758413210039,"status":"passed","summary":""},{"assertionResults":[{"ancestorTitles":["sendTransactionRaced with private relay"],"duration":1,"failureDetails":[],"failureMessages":[],"fullName":"sendTransactionRaced with private relay succeeds via private relay when relay returns success+signature","invocations":1,"location":null,"numPassingAsserts":2,"retryReasons":[],"status":"passed","title":"succeeds via private relay when relay returns success+signature"},{"ancestorTitles":["sendTransactionRaced with private relay"],"duration":26,"failureDetails":[],"failureMessages":[],"fullName":"sendTransactionRaced with private relay falls back to RPC when relay throws error","invocations":1,"location":null,"numPassingAsserts":1,"retryReasons":[],"status":"passed","title":"falls back to RPC when relay throws error"},{"ancestorTitles":["sendTransactionRaced with private relay"],"duration":13,"failureDetails":[],"failureMessages":[],"fullName":"sendTransactionRaced with private relay falls back to RPC when relay returns non-success","invocations":1,"location":null,"numPassingAsserts":1,"retryReasons":[],"status":"passed","title":"falls back to RPC when relay returns non-success"},{"ancestorTitles":["sendTransactionRaced with Flashbots private relay"],"duration":1,"failureDetails":[],"failureMessages":[],"fullName":"sendTransactionRaced with Flashbots private relay uses Flashbots vendor path and succeeds without RPC","invocations":1,"location":null,"numPassingAsserts":3,"retryReasons":[],"status":"passed","title":"uses Flashbots vendor path and succeeds without RPC"},{"ancestorTitles":["sendTransactionRaced with Flashbots private relay"],"duration":13,"failureDetails":[],"failureMessages":[],"fullName":"sendTransactionRaced with Flashbots private relay falls back to RPC when Flashbots relay errors","invocations":1,"location":null,"numPassingAsserts":1,"retryReasons":[],"status":"passed","title":"falls back to RPC when Flashbots relay errors"}],"endTime":1758413210275,"message":"","name":"/Users/alihassan/Desktop/TurboSol/__tests__/rpcRelayFallback.test.js","startTime":1758413210187,"status":"passed","summary":""},{"assertionResults":[{"ancestorTitles":["computePriorityFeeCap"],"duration":1,"failureDetails":[],"failureMessages":[],"fullName":"computePriorityFeeCap returns MID cap when latency is invalid or negative","invocations":1,"location":null,"numPassingAsserts":2,"retryReasons":[],"status":"passed","title":"returns MID cap when latency is invalid or negative"},{"ancestorTitles":["computePriorityFeeCap"],"duration":0,"failureDetails":[],"failureMessages":[],"fullName":"computePriorityFeeCap low latency under T1 uses LOW cap (>= min floor)","invocations":1,"location":null,"numPassingAsserts":2,"retryReasons":[],"status":"passed","title":"low latency under T1 uses LOW cap (>= min floor)"},{"ancestorTitles":["computePriorityFeeCap"],"duration":0,"failureDetails":[],"failureMessages":[],"fullName":"computePriorityFeeCap medium latency under T2 uses MID cap","invocations":1,"location":null,"numPassingAsserts":1,"retryReasons":[],"status":"passed","title":"medium latency under T2 uses MID cap"},{"ancestorTitles":["computePriorityFeeCap"],"duration":1,"failureDetails":[],"failureMessages":[],"fullName":"computePriorityFeeCap high latency under T3 uses HIGH cap","invocations":1,"location":null,"numPassingAsserts":1,"retryReasons":[],"status":"passed","title":"high latency under T3 uses HIGH cap"},{"ancestorTitles":["computePriorityFeeCap"],"duration":0,"failureDetails":[],"failureMessages":[],"fullName":"computePriorityFeeCap very high latency uses MAX cap","invocations":1,"location":null,"numPassingAsserts":1,"retryReasons":[],"status":"passed","title":"very high latency uses MAX cap"}],"endTime":1758413210371,"message":"","name":"/Users/alihassan/Desktop/TurboSol/src/services/__tests__/fees.cap.test.js","startTime":1758413210296,"status":"passed","summary":""},{"assertionResults":[{"ancestorTitles":["mapStrategyToMicroBatch"],"duration":1,"failureDetails":[],"failureMessages":[],"fullName":"mapStrategyToMicroBatch defaults to 2 for unknown or missing strategy","invocations":1,"location":null,"numPassingAsserts":3,"retryReasons":[],"status":"passed","title":"defaults to 2 for unknown or missing strategy"},{"ancestorTitles":["mapStrategyToMicroBatch"],"duration":1,"failureDetails":[],"failureMessages":[],"fullName":"mapStrategyToMicroBatch returns 1 for conservative","invocations":1,"location":null,"numPassingAsserts":2,"retryReasons":[],"status":"passed","title":"returns 1 for conservative"},{"ancestorTitles":["mapStrategyToMicroBatch"],"duration":0,"failureDetails":[],"failureMessages":[],"fullName":"mapStrategyToMicroBatch returns 2 for balanced","invocations":1,"location":null,"numPassingAsserts":2,"retryReasons":[],"status":"passed","title":"returns 2 for balanced"},{"ancestorTitles":["mapStrategyToMicroBatch"],"duration":0,"failureDetails":[],"failureMessages":[],"fullName":"mapStrategyToMicroBatch returns 3 for aggressive","invocations":1,"location":null,"numPassingAsserts":2,"retryReasons":[],"status":"passed","title":"returns 3 for aggressive"}],"endTime":1758413210456,"message":"","name":"/Users/alihassan/Desktop/TurboSol/__tests__/mapStrategyToMicroBatch.test.js","startTime":1758413210375,"status":"passed","summary":""},{"assertionResults":[{"ancestorTitles":["riskCheckToken LP lock decisions"],"duration":1,"failureDetails":[],"failureMessages":[],"fullName":"riskCheckToken LP lock decisions blocks when requireLpLock=true and a provider reports unlocked","invocations":1,"location":null,"numPassingAsserts":2,"retryReasons":[],"status":"passed","title":"blocks when requireLpLock=true and a provider reports unlocked"},{"ancestorTitles":["riskCheckToken LP lock decisions"],"duration":1,"failureDetails":[],"failureMessages":[],"fullName":"riskCheckToken LP lock decisions blocks when requireLpLock=true and no provider verifies a lock","invocations":1,"location":null,"numPassingAsserts":2,"retryReasons":[],"status":"passed","title":"blocks when requireLpLock=true and no provider verifies a lock"},{"ancestorTitles":["riskCheckToken LP lock decisions"],"duration":0,"failureDetails":[],"failureMessages":[],"fullName":"riskCheckToken LP lock decisions passes when requireLpLock=false even if providers are inconclusive","invocations":1,"location":null,"numPassingAsserts":2,"retryReasons":[],"status":"passed","title":"passes when requireLpLock=false even if providers are inconclusive"}],"endTime":1758413210526,"message":"","name":"/Users/alihassan/Desktop/TurboSol/__tests__/riskLockDecision.test.js","startTime":1758413210460,"status":"passed","summary":""},{"assertionResults":[{"ancestorTitles":["tradeStore"],"duration":1,"failureDetails":[],"failureMessages":[],"fullName":"tradeStore should append and read trades","invocations":1,"location":null,"numPassingAsserts":3,"retryReasons":[],"status":"passed","title":"should append and read trades"}],"endTime":1758413210596,"message":"","name":"/Users/alihassan/Desktop/TurboSol/__tests__/tradeStore.test.js","startTime":1758413210528,"status":"passed","summary":""},{"assertionResults":[],"coverage":{},"endTime":1758413210751,"message":"  \u001b[1m● \u001b[22mTest suite failed to run\n\n    \u001b[1m\u001b[31mJest encountered an unexpected token\u001b[39m\u001b[22m\n\n    Jest failed to parse a file. This happens e.g. when your code or its dependencies use non-standard JavaScript syntax, or when Jest is not configured to support such syntax.\n\n    Out of the box Jest supports Babel, which will be used to transform your files into valid JS based on your Babel configuration.\n\n    By default \"node_modules\" folder is ignored by transformers.\n\n    Here's what you can do:\n     • If you are trying to use ECMAScript Modules, see \u001b[4mhttps://jestjs.io/docs/ecmascript-modules\u001b[24m for how to enable it.\n     • If you are trying to use TypeScript, see \u001b[4mhttps://jestjs.io/docs/getting-started#using-typescript\u001b[24m\n     • To have some of your \"node_modules\" files transformed, you can specify a custom \u001b[1m\"transformIgnorePatterns\"\u001b[22m in your config.\n     • If you need a custom transformation specify a \u001b[1m\"transform\"\u001b[22m option in your config.\n     • If you simply want to mock your non-JS modules (e.g. binary assets) you can stub them out with the \u001b[1m\"moduleNameMapper\"\u001b[22m config option.\n\n    You'll find more details and examples of these config options in the docs:\n    \u001b[36mhttps://jestjs.io/docs/configuration\u001b[39m\n    For information about custom transformations, see:\n    \u001b[36mhttps://jestjs.io/docs/code-transformation\u001b[39m\n\n    \u001b[1m\u001b[31mDetails:\u001b[39m\u001b[22m\n\n    SyntaxError: /Users/alihassan/Desktop/TurboSol/src/services/watchers/copyTradeMonitor.js: Unexpected token (277:0)\n\n    \u001b[0m \u001b[90m 275 |\u001b[39m   }\n     \u001b[90m 276 |\u001b[39m }\n    \u001b[31m\u001b[1m>\u001b[22m\u001b[39m\u001b[90m 277 |\u001b[39m }\n     \u001b[90m     |\u001b[39m \u001b[31m\u001b[1m^\u001b[22m\u001b[39m\n     \u001b[90m 278 |\u001b[39m\n     \u001b[90m 279 |\u001b[39m \u001b[36mexport\u001b[39m \u001b[36mfunction\u001b[39m startCopyTradeMonitor(\n     \u001b[90m 280 |\u001b[39m   chatId\u001b[33m,\u001b[39m\u001b[0m\n\n      \u001b[2mat constructor (\u001b[22mnode_modules/@babel/parser/src/parse-error.ts\u001b[2m:95:45)\u001b[22m\n      \u001b[2mat Parser.toParseError [as raise] (\u001b[22mnode_modules/@babel/parser/src/tokenizer/index.ts\u001b[2m:1503:19)\u001b[22m\n      \u001b[2mat Parser.raise [as unexpected] (\u001b[22mnode_modules/@babel/parser/src/tokenizer/index.ts\u001b[2m:1543:16)\u001b[22m\n      \u001b[2mat Parser.unexpected [as parseExprAtom] (\u001b[22mnode_modules/@babel/parser/src/parser/expression.ts\u001b[2m:1350:16)\u001b[22m\n      \u001b[2mat Parser.parseExprAtom [as parseExprSubscripts] (\u001b[22mnode_modules/@babel/parser/src/parser/expression.ts\u001b[2m:734:23)\u001b[22m\n      \u001b[2mat Parser.parseExprSubscripts [as parseUpdate] (\u001b[22mnode_modules/@babel/parser/src/parser/expression.ts\u001b[2m:713:21)\u001b[22m\n      \u001b[2mat Parser.parseUpdate [as parseMaybeUnary] (\u001b[22mnode_modules/@babel/parser/src/parser/expression.ts\u001b[2m:675:23)\u001b[22m\n      \u001b[2mat Parser.parseMaybeUnary [as parseMaybeUnaryOrPrivate] (\u001b[22mnode_modules/@babel/parser/src/parser/expression.ts\u001b[2m:409:14)\u001b[22m\n      \u001b[2mat Parser.parseMaybeUnaryOrPrivate [as parseExprOps] (\u001b[22mnode_modules/@babel/parser/src/parser/expression.ts\u001b[2m:421:23)\u001b[22m\n      \u001b[2mat Parser.parseExprOps [as parseMaybeConditional] (\u001b[22mnode_modules/@babel/parser/src/parser/expression.ts\u001b[2m:376:23)\u001b[22m\n      \u001b[2mat Parser.parseMaybeConditional [as parseMaybeAssign] (\u001b[22mnode_modules/@babel/parser/src/parser/expression.ts\u001b[2m:301:21)\u001b[22m\n      \u001b[2mat Parser.parseMaybeAssign [as parseExpressionBase] (\u001b[22mnode_modules/@babel/parser/src/parser/expression.ts\u001b[2m:226:23)\u001b[22m\n      \u001b[2mat parseExpressionBase (\u001b[22mnode_modules/@babel/parser/src/parser/expression.ts\u001b[2m:217:39)\u001b[22m\n      \u001b[2mat Parser.callback [as allowInAnd] (\u001b[22mnode_modules/@babel/parser/src/parser/expression.ts\u001b[2m:3187:16)\u001b[22m\n      \u001b[2mat Parser.allowInAnd [as parseExpression] (\u001b[22mnode_modules/@babel/parser/src/parser/expression.ts\u001b[2m:217:17)\u001b[22m\n      \u001b[2mat Parser.parseExpression [as parseStatementContent] (\u001b[22mnode_modules/@babel/parser/src/parser/statement.ts\u001b[2m:683:23)\u001b[22m\n      \u001b[2mat Parser.parseStatementContent [as parseStatementLike] (\u001b[22mnode_modules/@babel/parser/src/parser/statement.ts\u001b[2m:477:17)\u001b[22m\n      \u001b[2mat Parser.parseStatementLike [as parseModuleItem] (\u001b[22mnode_modules/@babel/parser/src/parser/statement.ts\u001b[2m:414:17)\u001b[22m\n      \u001b[2mat Parser.parseModuleItem [as parseBlockOrModuleBlockBody] (\u001b[22mnode_modules/@babel/parser/src/parser/statement.ts\u001b[2m:1438:16)\u001b[22m\n      \u001b[2mat Parser.parseBlockOrModuleBlockBody [as parseBlockBody] (\u001b[22mnode_modules/@babel/parser/src/parser/statement.ts\u001b[2m:1412:10)\u001b[22m\n      \u001b[2mat Parser.parseBlockBody [as parseProgram] (\u001b[22mnode_modules/@babel/parser/src/parser/statement.ts\u001b[2m:229:10)\u001b[22m\n      \u001b[2mat Parser.parseProgram [as parseTopLevel] (\u001b[22mnode_modules/@babel/parser/src/parser/statement.ts\u001b[2m:203:25)\u001b[22m\n      \u001b[2mat Parser.parseTopLevel [as parse] (\u001b[22mnode_modules/@babel/parser/src/parser/index.ts\u001b[2m:93:10)\u001b[22m\n      \u001b[2mat parse (\u001b[22mnode_modules/@babel/parser/src/index.ts\u001b[2m:92:38)\u001b[22m\n      \u001b[2mat parser (\u001b[22mnode_modules/@babel/core/src/parser/index.ts\u001b[2m:28:19)\u001b[22m\n          at parser.next (<anonymous>)\n      \u001b[2mat normalizeFile (\u001b[22mnode_modules/@babel/core/src/transformation/normalize-file.ts\u001b[2m:49:24)\u001b[22m\n          at normalizeFile.next (<anonymous>)\n      \u001b[2mat run (\u001b[22mnode_modules/@babel/core/src/transformation/index.ts\u001b[2m:40:36)\u001b[22m\n          at run.next (<anonymous>)\n      \u001b[2mat transform (\u001b[22mnode_modules/@babel/core/src/transform.ts\u001b[2m:29:20)\u001b[22m\n          at transform.next (<anonymous>)\n      \u001b[2mat step (\u001b[22mnode_modules/gensync/index.js\u001b[2m:261:32)\u001b[22m\n      \u001b[2mat \u001b[22mnode_modules/gensync/index.js\u001b[2m:273:13\u001b[22m\n      \u001b[2mat async.call.result.err.err (\u001b[22mnode_modules/gensync/index.js\u001b[2m:223:11)\u001b[22m\n      \u001b[2mat \u001b[22mnode_modules/gensync/index.js\u001b[2m:189:28\u001b[22m\n      \u001b[2mat cb (\u001b[22mnode_modules/@babel/core/src/gensync-utils/async.ts\u001b[2m:90:7)\u001b[22m\n      \u001b[2mat \u001b[22mnode_modules/gensync/index.js\u001b[2m:113:33\u001b[22m\n      \u001b[2mat step (\u001b[22mnode_modules/gensync/index.js\u001b[2m:287:14)\u001b[22m\n      \u001b[2mat \u001b[22mnode_modules/gensync/index.js\u001b[2m:273:13\u001b[22m\n      \u001b[2mat async.call.result.err.err (\u001b[22mnode_modules/gensync/index.js\u001b[2m:223:11)\u001b[22m\n","name":"/Users/alihassan/Desktop/TurboSol/__tests__/copyTradeDecision.test.js","startTime":1758413210751,"status":"failed","summary":""}],"wasInterrupted":false}
